852
1174
769
734
529
590
724
912
534
465
432
877
380
612
542
657
399
458
454
626
360
842
596
675
388
686
509
976
831
561
624
418
368
539
844
368
572
428
393
3174
528
645
547
380
468
554
573
575
413
408
938
365
409
380
616
396
392
785
548
365
389
522
685
786
417
683
439
357
369
353
444
352
405
462
373
653
398
443
532
431
391
347
503
524
397
358
378
518
410
384
424
414
400
390
404
449
378
342
547
599
413
368
523
673
390
400
382
593
385
355
481
390
379
414
363
433
393
740
644
777
935
882
757
720
771
648
1080
985
1419
676
1354
492
611
793
788
1002
775
474
587
860
1380
849
668
1880
466
1910
587
483
611
1364
1361
790
631
815
510
698
449
589
565
587
