3659
13527
3989
14667
3045
19321
3073
19714
3222
12520
2484
12127
1383
14707
1433
14905
1251
9252
1396
10309
1227
7824
1392
9578
1324
13645
1453
13661
1213
8016
1464
9304
1298
7622
1181
12654
1278
12828
1593
9646
1587
6763
960
10334
1351
11059
1373
7546
1490
9249
1219
6927
1154
7668
2160
9177
2379
9693
1342
7076
1073
7584
1965
8580
2083
9096
1548
7649
1487
7743
1293
6408
1326
7159
2297
8460
1238
7443
1152
7468
1561
8247
1675
7873
1954
10247
1113
7152
1175
7535
1646
7397
1951
8397
1054
6989
1141
7749
1051
6273
1557
7287
1814
10329
986
6243
1129
8087
2139
9708
2262
9322
2070
7199
1047
7743
1450
7318
1810
7578
2236
8412
1827
8939
1043
6663
1153
6767
1444
9608
1109
6835
1600
10036
1213
6838
1557
7231
1132
6837
1542
7220
1418
8195
1237
6849
1612
7204
1597
7669
1252
7878
1123
6770
1206
7210
1200
7120
1001
6648
1464
10650
920
6715
1027
6735
992
6821
927
12080
984
10718
1303
15872
1144
14058
1075
12294
1095
13063
1548
13524
1658
10866
981
8728
1043
8720
1781
9351
2107
9387
1028
8870
1354
9127
1229
8543
1534
8516
1115
8991
1210
8748
1207
8974
1485
8956
1291
9040
1097
8685
1306
9064
1649
9227
1119
8763
1786
10736
1144
8995
1494
8826
1423
7249
1343
9100
967
8770
1214
8796
1131
8683
1365
8839
1242
9197
1302
9117
1117
8935
1340
8839
1237
9253
1359
8987
1171
8833
1202
8825
1096
8433
1277
8759
1010
8677
1205
8807
1048
8791
1259
8935
1112
65755
1544
63486
2096
63246
2623
66966
1332
9328
1514
86430
2136
1662
86934
87340
1456
81358
2296
2335
74710
75924
3228
3525
188649
188566
1699
114078
2584
116941
1155
7278
1548
9669
1630
137401
2788
2972
200438
2144
196008
195238
1479
3185
140599
208061
1410
142165
2245
143032
1584
2435
1535
2622
1357
2961
