15515
15376
14254
14723
10037
8714
8681
8688
8629
8831
8628
8792
8740
8729
8710
8726
8797
8838
8706
8715
8760
8800
8802
8659
8709
8678
8887
8850
8677
8641
8686
8797
8726
8625
8703
8778
8673
8687
8684
8799
8625
8718
8777
8860
8748
8699
8734
8643
8787
8762
8655
8697
8772
8714
8766
8670
8660
8831
8721
8846
8844
8757
8772
8713
8810
8691
8649
8675
8680
8675
8717
8771
8733
8675
8700
8727
8601
8770
8796
8626
8647
8700
8764
8620
8616
8725
8663
8724
8828
8639
8665
8699
8650
8856
8749
8652
8717
8622
8480
8685
8646
8613
8685
8733
8667
8680
8654
8677
8655
8516
8593
8821
8648
8664
8609
8861
8755
8814
8637
8663
8637
8602
8548
8737
8433
8502
8489
8645
8504
8588
8528
8812
8689
8635
8585
8537
8529
8581
8721
8591
8704
8955
8658
8641
8581
8683
8565
8716
8533
8892
8421
8688
8690
8580
13786
14033
13980
14419
15214
8563
738920
