1215
1222
1540
1550
819
683
974
959
540
951
448
557
840
832
415
496
433
825
809
565
386
459
391
436
686
383
456
726
525
381
421
497
744
546
427
344
400
400
443
420
471
645
619
456
394
419
466
403
387
355
397
600
355
469
530
546
382
384
400
399
399
834
389
391
612
384
391
387
400
422
386
387
434
386
507
459
390
405
391
375
389
394
389
352
394
412
387
400
386
350
384
411
395
339
465
393
388
387
402
403
387
425
391
361
390
520
388
357
390
673
411
398
353
394
388
481
388
405
384
382
354
444
406
385
390
508
459
414
388
339
391
389
385
341
379
387
340
384
673
388
393
633
713
365
664
625
662
429
493
534
506
601
574
412
632
408
691
388
522
815
